<?xml version="1.0" encoding="utf-8"?><testsuites name="pytest tests"><testsuite name="pytest" errors="0" failures="0" skipped="0" tests="3" time="2.284" timestamp="2026-08-28T07:40:24.750708+00:00" hostname="agent-env-4e37d1d1-6359-485f-8074-c5ee19735e02"><testcase classname="tests.test_class_cue_state" name="test_get_state_returns_expected_shape" time="1.357" /><testcase classname="tests.test_class_cue_state" name="test_state_round_trip_persists" time="0.350" /><testcase classname="tests.test_class_cue_state" name="test_state_rejects_wrong_field_type" time="0.104" /></testsuite></testsuites>