<?xml version="1.0" encoding="utf-8"?><testsuites name="pytest tests"><testsuite name="pytest" errors="0" failures="0" skipped="0" tests="3" time="1.005" timestamp="2026-08-28T08:05:47.320715+00:00" hostname="agent-env-4e37d1d1-6359-485f-8074-c5ee19735e02"><testcase classname="tests.test_class_cue_state" name="test_get_state_returns_expected_shape" time="0.193" /><testcase classname="tests.test_class_cue_state" name="test_state_round_trip_persists" time="0.239" /><testcase classname="tests.test_class_cue_state" name="test_state_rejects_wrong_field_type" time="0.103" /></testsuite></testsuites>